<?xml version="1.0" encoding="UTF-8"?>
<!-- Generated by org.testng.reporters.JUnitXMLReporter -->
<testsuite ignored="0" hostname="Richards-MacBook-Pro.local" failures="0" tests="3" name="Test" time="51.939" errors="0" timestamp="2024-03-15T17:24:43 IST">
  <testcase classname="com.Ecommerce.Test.LoginTest" name="validateLogin" time="8.247"/>
  <testcase classname="com.Ecommerce.Test.ProductTest" name="clickOnProductAndAddToCart" time="20.409"/>
  <testcase classname="com.Ecommerce.Test.ProductTest" name="click" time="18.479"/>
</testsuite> <!-- Test -->
