<?xml version="1.0" encoding="UTF-8"?>
<testng-results ignored="0" total="2" passed="2" failed="0" skipped="0">
  <reporter-output>
  </reporter-output>
  <suite started-at="2024-03-17T16:01:04 IST" name="Default suite" finished-at="2024-03-17T16:01:48 IST" duration-ms="43897">
    <groups>
    </groups>
    <test started-at="2024-03-17T16:01:04 IST" name="Default test" finished-at="2024-03-17T16:01:48 IST" duration-ms="43897">
      <class name="com.Ecommerce.Test.ProductTest">
        <test-method is-config="true" signature="initialize()[pri:0, instance:com.Ecommerce.Test.ProductTest@52719fb6]" started-at="2024-03-17T16:01:04 IST" name="initialize" finished-at="2024-03-17T16:01:07 IST" duration-ms="2795" status="PASS">
          <reporter-output>
          </reporter-output>
        </test-method> <!-- initialize -->
        <test-method signature="clickOnProductAndAddToCart()[pri:1, instance:com.Ecommerce.Test.ProductTest@52719fb6]" started-at="2024-03-17T16:01:07 IST" name="clickOnProductAndAddToCart" finished-at="2024-03-17T16:01:29 IST" duration-ms="22494" status="PASS">
          <reporter-output>
          </reporter-output>
        </test-method> <!-- clickOnProductAndAddToCart -->
        <test-method signature="click()[pri:2, instance:com.Ecommerce.Test.ProductTest@52719fb6]" started-at="2024-03-17T16:01:29 IST" name="click" finished-at="2024-03-17T16:01:48 IST" duration-ms="18477" status="PASS">
          <reporter-output>
          </reporter-output>
        </test-method> <!-- click -->
        <test-method is-config="true" signature="tearDown()[pri:0, instance:com.Ecommerce.Test.ProductTest@52719fb6]" started-at="2024-03-17T16:01:48 IST" name="tearDown" finished-at="2024-03-17T16:01:48 IST" duration-ms="111" status="PASS">
          <reporter-output>
          </reporter-output>
        </test-method> <!-- tearDown -->
      </class> <!-- com.Ecommerce.Test.ProductTest -->
    </test> <!-- Default test -->
  </suite> <!-- Default suite -->
</testng-results>
